#
# There is insufficient memory for the Java Runtime Environment to continue.
# Native memory allocation (malloc) failed to allocate 1345616 bytes for Chunk::new
# Possible reasons:
#   The system is out of physical RAM or swap space
#   The process is running with CompressedOops enabled, and the Java Heap may be blocking the growth of the native heap
# Possible solutions:
#   Reduce memory load on the system
#   Increase physical memory or swap space
#   Check if swap backing store is full
#   Decrease Java heap size (-Xmx/-Xms)
#   Decrease number of Java threads
#   Decrease Java thread stack sizes (-Xss)
#   Set larger code cache with -XX:ReservedCodeCacheSize=
#   JVM is running with Unscaled Compressed Oops mode in which the Java heap is
#     placed in the first 4GB address space. The Java Heap base address is the
#     maximum limit for the native heap growth. Please use -XX:HeapBaseMinAddress
#     to set the Java Heap base and to place the Java Heap above 4GB virtual address.
# This output file may be truncated or incomplete.
#
#  Out of Memory Error (arena.cpp:189), pid=12836, tid=27956
#
# JRE version: OpenJDK Runtime Environment Microsoft-8035246 (17.0.8+7) (build 17.0.8+7-LTS)
# Java VM: OpenJDK 64-Bit Server VM Microsoft-8035246 (17.0.8+7-LTS, mixed mode, sharing, tiered, compressed oops, compressed class ptrs, g1 gc, windows-amd64)
# No core dump will be written. Minidumps are not enabled by default on client versions of Windows
#

---------------  S U M M A R Y ------------

Command Line: -XX:MaxMetaspaceSize=512m --add-opens=java.base/java.util=ALL-UNNAMED --add-opens=java.base/java.lang=ALL-UNNAMED --add-opens=java.base/java.lang.invoke=ALL-UNNAMED --add-opens=java.prefs/java.util.prefs=ALL-UNNAMED --add-opens=java.base/java.nio.charset=ALL-UNNAMED --add-opens=java.base/java.net=ALL-UNNAMED --add-opens=java.base/java.util.concurrent.atomic=ALL-UNNAMED -Xmx2048m -Dfile.encoding=utf8 -Duser.country=US -Duser.language=en -Duser.variant -javaagent:C:\Users\HP-EliteBook\.gradle\wrapper\dists\gradle-8.8-all\6gdy1pgp427xkqcjbxw3ylt6h\gradle-8.8\lib\agents\gradle-instrumentation-agent-8.8.jar org.gradle.launcher.daemon.bootstrap.GradleDaemon 8.8

Host: Intel(R) Core(TM) i5-10310U CPU @ 1.70GHz, 8 cores, 15G,  Windows 11 , 64 bit Build 22621 (10.0.22621.4391)
Time: Sat Dec  7 15:09:17 2024 W. Central Africa Standard Time elapsed time: 45.361888 seconds (0d 0h 0m 45s)

---------------  T H R E A D  ---------------

Current thread (0x0000024dff1165a0):  JavaThread "C2 CompilerThread0" daemon [_thread_in_native, id=27956, stack(0x000000a128e00000,0x000000a128f00000)]


Current CompileTask:
C2:  45362 14907 %     4       org.gradle.internal.instantiation.generator.AbstractClassGenerator::inspectType @ 77 (560 bytes)

Stack: [0x000000a128e00000,0x000000a128f00000]
Native frames: (J=compiled Java code, j=interpreted, Vv=VM code, C=native code)
V  [jvm.dll+0x67bf3a]
V  [jvm.dll+0x83a024]
V  [jvm.dll+0x83b7ce]
V  [jvm.dll+0x83be33]
V  [jvm.dll+0x24785f]
V  [jvm.dll+0xac3bc]
V  [jvm.dll+0xac98c]
V  [jvm.dll+0x2af19f]
V  [jvm.dll+0x584667]
V  [jvm.dll+0x222a82]
V  [jvm.dll+0x222e5f]
V  [jvm.dll+0x21bf4f]
V  [jvm.dll+0x21944b]
V  [jvm.dll+0x1a56b6]
V  [jvm.dll+0x2291ea]
V  [jvm.dll+0x22724c]
V  [jvm.dll+0x7efd0c]
V  [jvm.dll+0x7ea13a]
V  [jvm.dll+0x67ad85]
C  [ucrtbase.dll+0x29333]
C  [KERNEL32.DLL+0x1259d]
C  [ntdll.dll+0x5af38]


---------------  P R O C E S S  ---------------

Threads class SMR info:
_java_thread_list=0x0000024da930c270, length=75, elements={
0x0000024de6b6d320, 0x0000024dfeffc110, 0x0000024dfeffcf90, 0x0000024dff00c080,
0x0000024dff00cda0, 0x0000024dff00d760, 0x0000024dff00e120, 0x0000024dff1165a0,
0x0000024dff11f3b0, 0x0000024dff11fcc0, 0x0000024dfefe3510, 0x0000024dff38dad0,
0x0000024da643b990, 0x0000024da6132150, 0x0000024da64db6d0, 0x0000024da6202510,
0x0000024da64f4a20, 0x0000024da5885670, 0x0000024da58874d0, 0x0000024da5885b80,
0x0000024da5886ab0, 0x0000024da5886090, 0x0000024da5886fc0, 0x0000024da5887ef0,
0x0000024da58879e0, 0x0000024da5888910, 0x0000024da7f33360, 0x0000024da6c3ea10,
0x0000024da6c3d0c0, 0x0000024da6c3dff0, 0x0000024da6c3dae0, 0x0000024da6c3d5d0,
0x0000024da6c3e500, 0x0000024da7f33870, 0x0000024da7f33d80, 0x0000024da7f34290,
0x0000024da6b2e520, 0x0000024da5888e20, 0x0000024da8b74ed0, 0x0000024da8b758f0,
0x0000024da6b2c1b0, 0x0000024da8dc2130, 0x0000024da8dc1c20, 0x0000024da7f35d90,
0x0000024da7f34950, 0x0000024da7f34e60, 0x0000024da7f35370, 0x0000024da6ad84a0,
0x0000024da6ad89b0, 0x0000024da6ad7a80, 0x0000024da8b753e0, 0x0000024da8b75e00,
0x0000024da8b744b0, 0x0000024da8b749c0, 0x0000024da7697500, 0x0000024da7697f20,
0x0000024da8dc1710, 0x0000024da8dc0cf0, 0x0000024da8dc07e0, 0x0000024da8dc1200,
0x0000024da9fb1580, 0x0000024da9fb1070, 0x0000024da9fb1a90, 0x0000024da9fb1fa0,
0x0000024da80475e0, 0x0000024da8045c90, 0x0000024da80461a0, 0x0000024da80466b0,
0x0000024da7699360, 0x0000024da7698430, 0x0000024da7697a10, 0x0000024da7699870,
0x0000024da681e9b0, 0x0000024da6b2c6c0, 0x0000024da6778ea0
}

Java Threads: ( => current thread )
  0x0000024de6b6d320 JavaThread "main" [_thread_blocked, id=24852, stack(0x000000a128100000,0x000000a128200000)]
  0x0000024dfeffc110 JavaThread "Reference Handler" daemon [_thread_blocked, id=19712, stack(0x000000a128800000,0x000000a128900000)]
  0x0000024dfeffcf90 JavaThread "Finalizer" daemon [_thread_blocked, id=4676, stack(0x000000a128900000,0x000000a128a00000)]
  0x0000024dff00c080 JavaThread "Signal Dispatcher" daemon [_thread_blocked, id=14132, stack(0x000000a128a00000,0x000000a128b00000)]
  0x0000024dff00cda0 JavaThread "Attach Listener" daemon [_thread_blocked, id=24840, stack(0x000000a128b00000,0x000000a128c00000)]
  0x0000024dff00d760 JavaThread "Service Thread" daemon [_thread_blocked, id=17944, stack(0x000000a128c00000,0x000000a128d00000)]
  0x0000024dff00e120 JavaThread "Monitor Deflation Thread" daemon [_thread_blocked, id=10492, stack(0x000000a128d00000,0x000000a128e00000)]
=>0x0000024dff1165a0 JavaThread "C2 CompilerThread0" daemon [_thread_in_native, id=27956, stack(0x000000a128e00000,0x000000a128f00000)]
  0x0000024dff11f3b0 JavaThread "C1 CompilerThread0" daemon [_thread_blocked, id=25484, stack(0x000000a128f00000,0x000000a129000000)]
  0x0000024dff11fcc0 JavaThread "Sweeper thread" daemon [_thread_blocked, id=26472, stack(0x000000a129000000,0x000000a129100000)]
  0x0000024dfefe3510 JavaThread "Common-Cleaner" daemon [_thread_blocked, id=5876, stack(0x000000a129100000,0x000000a129200000)]
  0x0000024dff38dad0 JavaThread "Notification Thread" daemon [_thread_blocked, id=27756, stack(0x000000a129200000,0x000000a129300000)]
  0x0000024da643b990 JavaThread "Daemon health stats" [_thread_blocked, id=23888, stack(0x000000a129500000,0x000000a129600000)]
  0x0000024da6132150 JavaThread "Incoming local TCP Connector on port 55101" [_thread_in_native, id=22652, stack(0x000000a129400000,0x000000a129500000)]
  0x0000024da64db6d0 JavaThread "Daemon periodic checks" [_thread_blocked, id=20580, stack(0x000000a129b00000,0x000000a129c00000)]
  0x0000024da6202510 JavaThread "Daemon" [_thread_blocked, id=19880, stack(0x000000a129d00000,0x000000a129e00000)]
  0x0000024da64f4a20 JavaThread "Handler for socket connection from /127.0.0.1:55101 to /127.0.0.1:55103" [_thread_in_native, id=28468, stack(0x000000a129e00000,0x000000a129f00000)]
  0x0000024da5885670 JavaThread "Cancel handler" [_thread_blocked, id=28040, stack(0x000000a129f00000,0x000000a12a000000)]
  0x0000024da58874d0 JavaThread "Daemon worker" [_thread_in_Java, id=12632, stack(0x000000a12a000000,0x000000a12a100000)]
  0x0000024da5885b80 JavaThread "Asynchronous log dispatcher for DefaultDaemonConnection: socket connection from /127.0.0.1:55101 to /127.0.0.1:55103" [_thread_blocked, id=26172, stack(0x000000a12a100000,0x000000a12a200000)]
  0x0000024da5886ab0 JavaThread "Stdin handler" [_thread_blocked, id=17972, stack(0x000000a12a200000,0x000000a12a300000)]
  0x0000024da5886090 JavaThread "Daemon client event forwarder" [_thread_blocked, id=5420, stack(0x000000a12a300000,0x000000a12a400000)]
  0x0000024da5886fc0 JavaThread "Cache worker for journal cache (C:\Users\HP-EliteBook\.gradle\caches\journal-1)" [_thread_blocked, id=12048, stack(0x000000a12a400000,0x000000a12a500000)]
  0x0000024da5887ef0 JavaThread "File lock request listener" [_thread_in_native, id=17092, stack(0x000000a12a500000,0x000000a12a600000)]
  0x0000024da58879e0 JavaThread "Cache worker for file hash cache (C:\Users\HP-EliteBook\.gradle\caches\8.8\fileHashes)" [_thread_blocked, id=27692, stack(0x000000a12a600000,0x000000a12a700000)]
  0x0000024da5888910 JavaThread "Cache worker for file hash cache (C:\Projects\react-native\rn-expo\expo-news-app\android\.gradle\8.8\fileHashes)" [_thread_blocked, id=23984, stack(0x000000a12a700000,0x000000a12a800000)]
  0x0000024da7f33360 JavaThread "File watcher server" daemon [_thread_in_native, id=23284, stack(0x000000a12ab00000,0x000000a12ac00000)]
  0x0000024da6c3ea10 JavaThread "File watcher consumer" daemon [_thread_blocked, id=25508, stack(0x000000a12ac00000,0x000000a12ad00000)]
  0x0000024da6c3d0c0 JavaThread "jar transforms" [_thread_blocked, id=24932, stack(0x000000a129c00000,0x000000a129d00000)]
  0x0000024da6c3dff0 JavaThread "jar transforms Thread 2" [_thread_blocked, id=28176, stack(0x000000a12ad00000,0x000000a12ae00000)]
  0x0000024da6c3dae0 JavaThread "jar transforms Thread 3" [_thread_blocked, id=2628, stack(0x000000a12ae00000,0x000000a12af00000)]
  0x0000024da6c3d5d0 JavaThread "Cache worker for checksums cache (C:\Projects\react-native\rn-expo\expo-news-app\android\.gradle\8.8\checksums)" [_thread_blocked, id=27808, stack(0x000000a12b000000,0x000000a12b100000)]
  0x0000024da6c3e500 JavaThread "Cache worker for file content cache (C:\Users\HP-EliteBook\.gradle\caches\8.8\fileContent)" [_thread_blocked, id=9988, stack(0x000000a12b100000,0x000000a12b200000)]
  0x0000024da7f33870 JavaThread "Cache worker for cache directory md-rule (C:\Users\HP-EliteBook\.gradle\caches\8.8\md-rule)" [_thread_blocked, id=9956, stack(0x000000a12b300000,0x000000a12b400000)]
  0x0000024da7f33d80 JavaThread "Cache worker for cache directory md-supplier (C:\Users\HP-EliteBook\.gradle\caches\8.8\md-supplier)" [_thread_blocked, id=22920, stack(0x000000a12b400000,0x000000a12b500000)]
  0x0000024da7f34290 JavaThread "jar transforms Thread 4" [_thread_blocked, id=26972, stack(0x000000a12b200000,0x000000a12b300000)]
  0x0000024da6b2e520 JavaThread "jar transforms Thread 5" [_thread_blocked, id=18636, stack(0x000000a12b500000,0x000000a12b600000)]
  0x0000024da5888e20 JavaThread "jar transforms Thread 6" [_thread_blocked, id=4060, stack(0x000000a12b700000,0x000000a12b800000)]
  0x0000024da8b74ed0 JavaThread "jar transforms Thread 7" [_thread_blocked, id=26976, stack(0x000000a12b800000,0x000000a12b900000)]
  0x0000024da8b758f0 JavaThread "jar transforms Thread 8" [_thread_blocked, id=25960, stack(0x000000a12b900000,0x000000a12ba00000)]
  0x0000024da6b2c1b0 JavaThread "Exec process" [_thread_blocked, id=26496, stack(0x000000a12ba00000,0x000000a12bb00000)]
  0x0000024da8dc2130 JavaThread "Exec process Thread 2" [_thread_blocked, id=11364, stack(0x000000a12bb00000,0x000000a12bc00000)]
  0x0000024da8dc1c20 JavaThread "Exec process Thread 3" [_thread_blocked, id=11036, stack(0x000000a12bc00000,0x000000a12bd00000)]
  0x0000024da7f35d90 JavaThread "Unconstrained build operations" [_thread_blocked, id=26088, stack(0x000000a12af00000,0x000000a12b000000)]
  0x0000024da7f34950 JavaThread "Unconstrained build operations Thread 2" [_thread_blocked, id=4068, stack(0x000000a12b600000,0x000000a12b700000)]
  0x0000024da7f34e60 JavaThread "Unconstrained build operations Thread 3" [_thread_blocked, id=21796, stack(0x000000a12bf00000,0x000000a12c000000)]
  0x0000024da7f35370 JavaThread "Unconstrained build operations Thread 4" [_thread_blocked, id=18820, stack(0x000000a12c000000,0x000000a12c100000)]
  0x0000024da6ad84a0 JavaThread "Unconstrained build operations Thread 5" [_thread_blocked, id=27120, stack(0x000000a12c100000,0x000000a12c200000)]
  0x0000024da6ad89b0 JavaThread "Unconstrained build operations Thread 6" [_thread_blocked, id=19264, stack(0x000000a12c200000,0x000000a12c300000)]
  0x0000024da6ad7a80 JavaThread "Cache worker for Build Output Cleanup Cache (C:\Projects\react-native\rn-expo\expo-news-app\node_modules\@react-native\gradle-plugin\.gradle\buildOutputCleanup)" [_thread_blocked, id=28052, stack(0x000000a12c300000,0x000000a12c400000)]
  0x0000024da8b753e0 JavaThread "Unconstrained build operations Thread 7" [_thread_blocked, id=28092, stack(0x000000a12c500000,0x000000a12c600000)]
  0x0000024da8b75e00 JavaThread "Unconstrained build operations Thread 8" [_thread_blocked, id=24380, stack(0x000000a12c600000,0x000000a12c700000)]
  0x0000024da8b744b0 JavaThread "Unconstrained build operations Thread 9" [_thread_blocked, id=13088, stack(0x000000a12c700000,0x000000a12c800000)]
  0x0000024da8b749c0 JavaThread "Unconstrained build operations Thread 10" [_thread_blocked, id=12552, stack(0x000000a12c800000,0x000000a12c900000)]
  0x0000024da7697500 JavaThread "Unconstrained build operations Thread 11" [_thread_blocked, id=25080, stack(0x000000a12c900000,0x000000a12ca00000)]
  0x0000024da7697f20 JavaThread "Unconstrained build operations Thread 12" [_thread_blocked, id=27852, stack(0x000000a12ca00000,0x000000a12cb00000)]
  0x0000024da8dc1710 JavaThread "Unconstrained build operations Thread 13" [_thread_blocked, id=27304, stack(0x000000a12cb00000,0x000000a12cc00000)]
  0x0000024da8dc0cf0 JavaThread "Unconstrained build operations Thread 14" [_thread_blocked, id=25708, stack(0x000000a12cc00000,0x000000a12cd00000)]
  0x0000024da8dc07e0 JavaThread "Unconstrained build operations Thread 15" [_thread_blocked, id=17432, stack(0x000000a12cd00000,0x000000a12ce00000)]
  0x0000024da8dc1200 JavaThread "Unconstrained build operations Thread 16" [_thread_blocked, id=13580, stack(0x000000a12ce00000,0x000000a12cf00000)]
  0x0000024da9fb1580 JavaThread "Unconstrained build operations Thread 17" [_thread_blocked, id=17032, stack(0x000000a12cf00000,0x000000a12d000000)]
  0x0000024da9fb1070 JavaThread "Unconstrained build operations Thread 18" [_thread_blocked, id=24384, stack(0x000000a12d000000,0x000000a12d100000)]
  0x0000024da9fb1a90 JavaThread "Unconstrained build operations Thread 19" [_thread_blocked, id=7252, stack(0x000000a12d100000,0x000000a12d200000)]
  0x0000024da9fb1fa0 JavaThread "Unconstrained build operations Thread 20" [_thread_blocked, id=6552, stack(0x000000a12d200000,0x000000a12d300000)]
  0x0000024da80475e0 JavaThread "Unconstrained build operations Thread 21" [_thread_blocked, id=20960, stack(0x000000a12d300000,0x000000a12d400000)]
  0x0000024da8045c90 JavaThread "Unconstrained build operations Thread 22" [_thread_blocked, id=5836, stack(0x000000a12d400000,0x000000a12d500000)]
  0x0000024da80461a0 JavaThread "Unconstrained build operations Thread 23" [_thread_blocked, id=19040, stack(0x000000a12d500000,0x000000a12d600000)]
  0x0000024da80466b0 JavaThread "Unconstrained build operations Thread 24" [_thread_blocked, id=21172, stack(0x000000a12d600000,0x000000a12d700000)]
  0x0000024da7699360 JavaThread "Unconstrained build operations Thread 25" [_thread_blocked, id=28492, stack(0x000000a12d700000,0x000000a12d800000)]
  0x0000024da7698430 JavaThread "Unconstrained build operations Thread 26" [_thread_blocked, id=27988, stack(0x000000a12d800000,0x000000a12d900000)]
  0x0000024da7697a10 JavaThread "Unconstrained build operations Thread 27" [_thread_blocked, id=8160, stack(0x000000a12d900000,0x000000a12da00000)]
  0x0000024da7699870 JavaThread "Memory manager" [_thread_blocked, id=9424, stack(0x000000a12c400000,0x000000a12c500000)]
  0x0000024da681e9b0 JavaThread "build event listener" [_thread_blocked, id=16332, stack(0x000000a12da00000,0x000000a12db00000)]
  0x0000024da6b2c6c0 JavaThread "Kotlin DSL Writer" [_thread_blocked, id=22324, stack(0x000000a12db00000,0x000000a12dc00000)]
  0x0000024da6778ea0 JavaThread "C2 CompilerThread1" daemon [_thread_in_native, id=5916, stack(0x000000a12be00000,0x000000a12bf00000)]

Other Threads:
  0x0000024dfeff2440 VMThread "VM Thread" [stack: 0x000000a128700000,0x000000a128800000] [id=10916]
  0x0000024dff2b5330 WatcherThread [stack: 0x000000a129300000,0x000000a129400000] [id=22780]
  0x0000024de6bc9d90 GCTaskThread "GC Thread#0" [stack: 0x000000a128200000,0x000000a128300000] [id=27880]
  0x0000024da5172ef0 GCTaskThread "GC Thread#1" [stack: 0x000000a129600000,0x000000a129700000] [id=8248]
  0x0000024dffbd0c30 GCTaskThread "GC Thread#2" [stack: 0x000000a129700000,0x000000a129800000] [id=25192]
  0x0000024dffc66700 GCTaskThread "GC Thread#3" [stack: 0x000000a129800000,0x000000a129900000] [id=14756]
  0x0000024da5386740 GCTaskThread "GC Thread#4" [stack: 0x000000a129900000,0x000000a129a00000] [id=19052]
  0x0000024da5386a00 GCTaskThread "GC Thread#5" [stack: 0x000000a129a00000,0x000000a129b00000] [id=2876]
  0x0000024da671ac10 GCTaskThread "GC Thread#6" [stack: 0x000000a12a800000,0x000000a12a900000] [id=25456]
  0x0000024da6694250 GCTaskThread "GC Thread#7" [stack: 0x000000a12a900000,0x000000a12aa00000] [id=27444]
  0x0000024de6bdace0 ConcurrentGCThread "G1 Main Marker" [stack: 0x000000a128300000,0x000000a128400000] [id=22600]
  0x0000024de6bdcea0 ConcurrentGCThread "G1 Conc#0" [stack: 0x000000a128400000,0x000000a128500000] [id=23624]
  0x0000024da7d709b0 ConcurrentGCThread "G1 Conc#1" [stack: 0x000000a12aa00000,0x000000a12ab00000] [id=12844]
  0x0000024de6c1dad0 ConcurrentGCThread "G1 Refine#0" [stack: 0x000000a128500000,0x000000a128600000] [id=26740]
  0x0000024da59a30a0 ConcurrentGCThread "G1 Refine#1" [stack: 0x000000a12dd00000,0x000000a12de00000] [id=24360]
  0x0000024da59a1c10 ConcurrentGCThread "G1 Refine#2" [stack: 0x000000a12de00000,0x000000a12df00000] [id=22980]
  0x0000024da59a1340 ConcurrentGCThread "G1 Refine#3" [stack: 0x000000a12df00000,0x000000a12e000000] [id=25396]
  0x0000024de6c1e500 ConcurrentGCThread "G1 Service" [stack: 0x000000a128600000,0x000000a128700000] [id=27008]

Threads with active compile tasks:
C2 CompilerThread0    45417 14907 %     4       org.gradle.internal.instantiation.generator.AbstractClassGenerator::inspectType @ 77 (560 bytes)
C2 CompilerThread1    45417 14985       4       org.gradle.internal.service.DefaultServiceRegistry$SingletonService::get (5 bytes)

VM state: not at safepoint (normal execution)

VM Mutex/Monitor currently owned by a thread: None

Heap address: 0x0000000080000000, size: 2048 MB, Compressed Oops mode: 32-bit

CDS archive(s) mapped at: [0x0000024d86000000-0x0000024d86bd0000-0x0000024d86bd0000), size 12386304, SharedBaseAddress: 0x0000024d86000000, ArchiveRelocationMode: 1.
Compressed class space mapped at: 0x0000024d87000000-0x0000024da1000000, reserved size: 436207616
Narrow klass base: 0x0000024d86000000, Narrow klass shift: 0, Narrow klass range: 0x100000000

GC Precious Log:
 CPUs: 8 total, 8 available
 Memory: 16157M
 Large Page Support: Disabled
 NUMA Support: Disabled
 Compressed Oops: Enabled (32-bit)
 Heap Region Size: 1M
 Heap Min Capacity: 8M
 Heap Initial Capacity: 254M
 Heap Max Capacity: 2G
 Pre-touch: Disabled
 Parallel Workers: 8
 Concurrent Workers: 2
 Concurrent Refinement Workers: 8
 Periodic GC: Disabled

Heap:
 garbage-first heap   total 179200K, used 149976K [0x0000000080000000, 0x0000000100000000)
  region size 1024K, 24 young (24576K), 3 survivors (3072K)
 Metaspace       used 133392K, committed 134336K, reserved 557056K
  class space    used 17179K, committed 17600K, reserved 425984K

Heap Regions: E=young(eden), S=young(survivor), O=old, HS=humongous(starts), HC=humongous(continues), CS=collection set, F=free, OA=open archive, CA=closed archive, TAMS=top-at-mark-start (previous, next)
|   0|0x0000000080000000, 0x0000000080100000, 0x0000000080100000|100%|HS|  |TAMS 0x0000000080100000, 0x0000000080000000| Complete 
|   1|0x0000000080100000, 0x0000000080200000, 0x0000000080200000|100%|HC|  |TAMS 0x0000000080200000, 0x0000000080100000| Complete 
|   2|0x0000000080200000, 0x0000000080300000, 0x0000000080300000|100%|HC|  |TAMS 0x0000000080300000, 0x0000000080200000| Complete 
|   3|0x0000000080300000, 0x0000000080400000, 0x0000000080400000|100%|HC|  |TAMS 0x0000000080400000, 0x0000000080300000| Complete 
|   4|0x0000000080400000, 0x0000000080500000, 0x0000000080500000|100%| O|  |TAMS 0x0000000080500000, 0x0000000080400000| Untracked 
|   5|0x0000000080500000, 0x0000000080600000, 0x0000000080600000|100%| O|  |TAMS 0x0000000080600000, 0x0000000080500000| Untracked 
|   6|0x0000000080600000, 0x0000000080700000, 0x0000000080700000|100%| O|  |TAMS 0x0000000080700000, 0x0000000080600000| Untracked 
|   7|0x0000000080700000, 0x0000000080800000, 0x0000000080800000|100%| O|  |TAMS 0x0000000080800000, 0x0000000080700000| Untracked 
|   8|0x0000000080800000, 0x0000000080900000, 0x0000000080900000|100%| O|  |TAMS 0x0000000080900000, 0x0000000080800000| Untracked 
|   9|0x0000000080900000, 0x0000000080a00000, 0x0000000080a00000|100%| O|  |TAMS 0x0000000080a00000, 0x0000000080900000| Untracked 
|  10|0x0000000080a00000, 0x0000000080b00000, 0x0000000080b00000|100%| O|  |TAMS 0x0000000080b00000, 0x0000000080a00000| Untracked 
|  11|0x0000000080b00000, 0x0000000080c00000, 0x0000000080c00000|100%|HS|  |TAMS 0x0000000080c00000, 0x0000000080b00000| Complete 
|  12|0x0000000080c00000, 0x0000000080d00000, 0x0000000080d00000|100%| O|  |TAMS 0x0000000080d00000, 0x0000000080c00000| Untracked 
|  13|0x0000000080d00000, 0x0000000080e00000, 0x0000000080e00000|100%| O|  |TAMS 0x0000000080e00000, 0x0000000080d00000| Untracked 
|  14|0x0000000080e00000, 0x0000000080f00000, 0x0000000080f00000|100%| O|  |TAMS 0x0000000080f00000, 0x0000000080e00000| Untracked 
|  15|0x0000000080f00000, 0x0000000081000000, 0x0000000081000000|100%| O|  |TAMS 0x0000000081000000, 0x0000000080f00000| Untracked 
|  16|0x0000000081000000, 0x0000000081100000, 0x0000000081100000|100%| O|  |TAMS 0x0000000081100000, 0x0000000081000000| Untracked 
|  17|0x0000000081100000, 0x0000000081200000, 0x0000000081200000|100%| O|  |TAMS 0x0000000081200000, 0x0000000081100000| Untracked 
|  18|0x0000000081200000, 0x0000000081300000, 0x0000000081300000|100%| O|  |TAMS 0x0000000081300000, 0x0000000081200000| Untracked 
|  19|0x0000000081300000, 0x0000000081400000, 0x0000000081400000|100%| O|  |TAMS 0x0000000081400000, 0x0000000081300000| Untracked 
|  20|0x0000000081400000, 0x0000000081500000, 0x0000000081500000|100%| O|  |TAMS 0x0000000081500000, 0x0000000081400000| Untracked 
|  21|0x0000000081500000, 0x0000000081600000, 0x0000000081600000|100%| O|  |TAMS 0x0000000081600000, 0x0000000081500000| Untracked 
|  22|0x0000000081600000, 0x0000000081700000, 0x0000000081700000|100%| O|  |TAMS 0x0000000081700000, 0x0000000081600000| Untracked 
|  23|0x0000000081700000, 0x0000000081800000, 0x0000000081800000|100%| O|  |TAMS 0x0000000081800000, 0x0000000081700000| Untracked 
|  24|0x0000000081800000, 0x0000000081900000, 0x0000000081900000|100%| O|  |TAMS 0x0000000081900000, 0x0000000081800000| Untracked 
|  25|0x0000000081900000, 0x0000000081a00000, 0x0000000081a00000|100%| O|  |TAMS 0x0000000081a00000, 0x0000000081900000| Untracked 
|  26|0x0000000081a00000, 0x0000000081b00000, 0x0000000081b00000|100%| O|  |TAMS 0x0000000081b00000, 0x0000000081a00000| Untracked 
|  27|0x0000000081b00000, 0x0000000081c00000, 0x0000000081c00000|100%| O|  |TAMS 0x0000000081c00000, 0x0000000081b00000| Untracked 
|  28|0x0000000081c00000, 0x0000000081d00000, 0x0000000081d00000|100%| O|  |TAMS 0x0000000081d00000, 0x0000000081c00000| Untracked 
|  29|0x0000000081d00000, 0x0000000081e00000, 0x0000000081e00000|100%| O|  |TAMS 0x0000000081e00000, 0x0000000081d00000| Untracked 
|  30|0x0000000081e00000, 0x0000000081f00000, 0x0000000081f00000|100%| O|  |TAMS 0x0000000081f00000, 0x0000000081e00000| Untracked 
|  31|0x0000000081f00000, 0x0000000082000000, 0x0000000082000000|100%| O|  |TAMS 0x0000000082000000, 0x0000000081f00000| Untracked 
|  32|0x0000000082000000, 0x0000000082100000, 0x0000000082100000|100%| O|  |TAMS 0x0000000082100000, 0x0000000082000000| Untracked 
|  33|0x0000000082100000, 0x0000000082200000, 0x0000000082200000|100%| O|  |TAMS 0x0000000082200000, 0x0000000082100000| Untracked 
|  34|0x0000000082200000, 0x0000000082300000, 0x0000000082300000|100%| O|  |TAMS 0x0000000082300000, 0x0000000082200000| Untracked 
|  35|0x0000000082300000, 0x0000000082400000, 0x0000000082400000|100%| O|  |TAMS 0x0000000082400000, 0x0000000082300000| Untracked 
|  36|0x0000000082400000, 0x0000000082500000, 0x0000000082500000|100%| O|  |TAMS 0x0000000082500000, 0x0000000082400000| Untracked 
|  37|0x0000000082500000, 0x0000000082600000, 0x0000000082600000|100%| O|  |TAMS 0x0000000082500000, 0x0000000082500000| Untracked 
|  38|0x0000000082600000, 0x0000000082700000, 0x0000000082700000|100%| O|  |TAMS 0x0000000082700000, 0x0000000082600000| Untracked 
|  39|0x0000000082700000, 0x0000000082800000, 0x0000000082800000|100%| O|  |TAMS 0x0000000082800000, 0x0000000082700000| Untracked 
|  40|0x0000000082800000, 0x0000000082900000, 0x0000000082900000|100%| O|  |TAMS 0x0000000082900000, 0x0000000082800000| Untracked 
|  41|0x0000000082900000, 0x0000000082a00000, 0x0000000082a00000|100%| O|  |TAMS 0x0000000082a00000, 0x0000000082900000| Untracked 
|  42|0x0000000082a00000, 0x0000000082b00000, 0x0000000082b00000|100%| O|  |TAMS 0x0000000082b00000, 0x0000000082a00000| Untracked 
|  43|0x0000000082b00000, 0x0000000082c00000, 0x0000000082c00000|100%| O|  |TAMS 0x0000000082c00000, 0x0000000082b00000| Untracked 
|  44|0x0000000082c00000, 0x0000000082d00000, 0x0000000082d00000|100%| O|  |TAMS 0x0000000082d00000, 0x0000000082c00000| Untracked 
|  45|0x0000000082d00000, 0x0000000082e00000, 0x0000000082e00000|100%| O|  |TAMS 0x0000000082e00000, 0x0000000082d00000| Untracked 
|  46|0x0000000082e00000, 0x0000000082f00000, 0x0000000082f00000|100%| O|  |TAMS 0x0000000082f00000, 0x0000000082e00000| Untracked 
|  47|0x0000000082f00000, 0x0000000083000000, 0x0000000083000000|100%| O|  |TAMS 0x0000000083000000, 0x0000000082f00000| Untracked 
|  48|0x0000000083000000, 0x0000000083100000, 0x0000000083100000|100%| O|  |TAMS 0x0000000083100000, 0x0000000083000000| Untracked 
|  49|0x0000000083100000, 0x0000000083200000, 0x0000000083200000|100%| O|  |TAMS 0x0000000083200000, 0x0000000083100000| Untracked 
|  50|0x0000000083200000, 0x0000000083300000, 0x0000000083300000|100%| O|  |TAMS 0x0000000083300000, 0x0000000083200000| Untracked 
|  51|0x0000000083300000, 0x0000000083400000, 0x0000000083400000|100%| O|  |TAMS 0x0000000083400000, 0x0000000083300000| Untracked 
|  52|0x0000000083400000, 0x0000000083500000, 0x0000000083500000|100%|HS|  |TAMS 0x0000000083500000, 0x0000000083400000| Complete 
|  53|0x0000000083500000, 0x0000000083600000, 0x0000000083600000|100%|HC|  |TAMS 0x0000000083600000, 0x0000000083500000| Complete 
|  54|0x0000000083600000, 0x0000000083700000, 0x0000000083700000|100%|HS|  |TAMS 0x0000000083700000, 0x0000000083600000| Complete 
|  55|0x0000000083700000, 0x0000000083800000, 0x0000000083800000|100%|HC|  |TAMS 0x0000000083800000, 0x0000000083700000| Complete 
|  56|0x0000000083800000, 0x0000000083900000, 0x0000000083900000|100%|HS|  |TAMS 0x0000000083900000, 0x0000000083800000| Complete 
|  57|0x0000000083900000, 0x0000000083a00000, 0x0000000083a00000|100%|HC|  |TAMS 0x0000000083a00000, 0x0000000083900000| Complete 
|  58|0x0000000083a00000, 0x0000000083b00000, 0x0000000083b00000|100%|HC|  |TAMS 0x0000000083b00000, 0x0000000083a00000| Complete 
|  59|0x0000000083b00000, 0x0000000083c00000, 0x0000000083c00000|100%|HC|  |TAMS 0x0000000083c00000, 0x0000000083b00000| Complete 
|  60|0x0000000083c00000, 0x0000000083d00000, 0x0000000083d00000|100%|HS|  |TAMS 0x0000000083d00000, 0x0000000083c00000| Complete 
|  61|0x0000000083d00000, 0x0000000083e00000, 0x0000000083e00000|100%|HC|  |TAMS 0x0000000083e00000, 0x0000000083d00000| Complete 
|  62|0x0000000083e00000, 0x0000000083f00000, 0x0000000083f00000|100%|HC|  |TAMS 0x0000000083f00000, 0x0000000083e00000| Complete 
|  63|0x0000000083f00000, 0x0000000084000000, 0x0000000084000000|100%|HC|  |TAMS 0x0000000084000000, 0x0000000083f00000| Complete 
|  64|0x0000000084000000, 0x0000000084100000, 0x0000000084100000|100%| O|  |TAMS 0x0000000084100000, 0x0000000084000000| Untracked 
|  65|0x0000000084100000, 0x0000000084200000, 0x0000000084200000|100%| O|  |TAMS 0x0000000084200000, 0x0000000084100000| Untracked 
|  66|0x0000000084200000, 0x0000000084300000, 0x0000000084300000|100%| O|  |TAMS 0x0000000084300000, 0x0000000084200000| Untracked 
|  67|0x0000000084300000, 0x0000000084400000, 0x0000000084400000|100%| O|  |TAMS 0x0000000084400000, 0x0000000084300000| Untracked 
|  68|0x0000000084400000, 0x0000000084500000, 0x0000000084500000|100%| O|  |TAMS 0x0000000084500000, 0x0000000084400000| Untracked 
|  69|0x0000000084500000, 0x0000000084600000, 0x0000000084600000|100%| O|  |TAMS 0x0000000084600000, 0x0000000084500000| Untracked 
|  70|0x0000000084600000, 0x0000000084700000, 0x0000000084700000|100%| O|  |TAMS 0x0000000084700000, 0x0000000084600000| Untracked 
|  71|0x0000000084700000, 0x0000000084800000, 0x0000000084800000|100%| O|  |TAMS 0x0000000084800000, 0x0000000084700000| Untracked 
|  72|0x0000000084800000, 0x0000000084900000, 0x0000000084900000|100%| O|  |TAMS 0x0000000084900000, 0x0000000084800000| Untracked 
|  73|0x0000000084900000, 0x0000000084a00000, 0x0000000084a00000|100%| O|  |TAMS 0x0000000084a00000, 0x0000000084900000| Untracked 
|  74|0x0000000084a00000, 0x0000000084b00000, 0x0000000084b00000|100%| O|  |TAMS 0x0000000084b00000, 0x0000000084a00000| Untracked 
|  75|0x0000000084b00000, 0x0000000084c00000, 0x0000000084c00000|100%| O|  |TAMS 0x0000000084c00000, 0x0000000084b00000| Untracked 
|  76|0x0000000084c00000, 0x0000000084d00000, 0x0000000084d00000|100%| O|  |TAMS 0x0000000084c00000, 0x0000000084c00000| Untracked 
|  77|0x0000000084d00000, 0x0000000084e00000, 0x0000000084e00000|100%|HS|  |TAMS 0x0000000084d00000, 0x0000000084d00000| Complete 
|  78|0x0000000084e00000, 0x0000000084f00000, 0x0000000084f00000|100%| O|  |TAMS 0x0000000084f00000, 0x0000000084e00000| Untracked 
|  79|0x0000000084f00000, 0x0000000085000000, 0x0000000085000000|100%| O|  |TAMS 0x0000000085000000, 0x0000000084f00000| Untracked 
|  80|0x0000000085000000, 0x0000000085100000, 0x0000000085100000|100%| O|  |TAMS 0x0000000085100000, 0x0000000085000000| Untracked 
|  81|0x0000000085100000, 0x0000000085200000, 0x0000000085200000|100%| O|  |TAMS 0x0000000085200000, 0x0000000085100000| Untracked 
|  82|0x0000000085200000, 0x0000000085300000, 0x0000000085300000|100%| O|  |TAMS 0x0000000085300000, 0x0000000085200000| Untracked 
|  83|0x0000000085300000, 0x0000000085400000, 0x0000000085400000|100%| O|  |TAMS 0x0000000085400000, 0x0000000085300000| Untracked 
|  84|0x0000000085400000, 0x0000000085500000, 0x0000000085500000|100%| O|  |TAMS 0x0000000085500000, 0x0000000085400000| Untracked 
|  85|0x0000000085500000, 0x0000000085600000, 0x0000000085600000|100%| O|  |TAMS 0x0000000085600000, 0x0000000085500000| Untracked 
|  86|0x0000000085600000, 0x0000000085700000, 0x0000000085700000|100%| O|  |TAMS 0x0000000085700000, 0x0000000085600000| Untracked 
|  87|0x0000000085700000, 0x0000000085800000, 0x0000000085800000|100%|HS|  |TAMS 0x0000000085700000, 0x0000000085700000| Complete 
|  88|0x0000000085800000, 0x0000000085900000, 0x0000000085900000|100%|HC|  |TAMS 0x0000000085800000, 0x0000000085800000| Complete 
|  89|0x0000000085900000, 0x0000000085a00000, 0x0000000085a00000|100%|HC|  |TAMS 0x0000000085900000, 0x0000000085900000| Complete 
|  90|0x0000000085a00000, 0x0000000085b00000, 0x0000000085b00000|100%|HC|  |TAMS 0x0000000085a00000, 0x0000000085a00000| Complete 
|  91|0x0000000085b00000, 0x0000000085c00000, 0x0000000085c00000|100%|HC|  |TAMS 0x0000000085b00000, 0x0000000085b00000| Complete 
|  92|0x0000000085c00000, 0x0000000085d00000, 0x0000000085d00000|100%|HC|  |TAMS 0x0000000085c00000, 0x0000000085c00000| Complete 
|  93|0x0000000085d00000, 0x0000000085e00000, 0x0000000085e00000|100%| O|  |TAMS 0x0000000085d00000, 0x0000000085d00000| Untracked 
|  94|0x0000000085e00000, 0x0000000085f00000, 0x0000000085f00000|100%| O|  |TAMS 0x0000000085e00000, 0x0000000085e00000| Untracked 
|  95|0x0000000085f00000, 0x0000000086000000, 0x0000000086000000|100%| O|  |TAMS 0x0000000085f00000, 0x0000000085f00000| Untracked 
|  96|0x0000000086000000, 0x0000000086100000, 0x0000000086100000|100%| O|  |TAMS 0x0000000086000000, 0x0000000086000000| Untracked 
|  97|0x0000000086100000, 0x0000000086200000, 0x0000000086200000|100%| O|  |TAMS 0x0000000086100000, 0x0000000086100000| Untracked 
|  98|0x0000000086200000, 0x0000000086300000, 0x0000000086300000|100%| O|  |TAMS 0x0000000086200000, 0x0000000086200000| Untracked 
|  99|0x0000000086300000, 0x0000000086400000, 0x0000000086400000|100%| O|  |TAMS 0x0000000086300000, 0x0000000086300000| Untracked 
| 100|0x0000000086400000, 0x0000000086500000, 0x0000000086500000|100%| O|  |TAMS 0x0000000086400000, 0x0000000086400000| Untracked 
| 101|0x0000000086500000, 0x0000000086600000, 0x0000000086600000|100%| O|  |TAMS 0x0000000086500000, 0x0000000086500000| Untracked 
| 102|0x0000000086600000, 0x0000000086700000, 0x0000000086700000|100%| O|  |TAMS 0x0000000086600000, 0x0000000086600000| Untracked 
| 103|0x0000000086700000, 0x0000000086800000, 0x0000000086800000|100%| O|  |TAMS 0x0000000086700000, 0x0000000086700000| Untracked 
| 104|0x0000000086800000, 0x0000000086900000, 0x0000000086900000|100%| O|  |TAMS 0x0000000086800000, 0x0000000086800000| Untracked 
| 105|0x0000000086900000, 0x0000000086a00000, 0x0000000086a00000|100%| O|  |TAMS 0x0000000086900000, 0x0000000086900000| Untracked 
| 106|0x0000000086a00000, 0x0000000086b00000, 0x0000000086b00000|100%| O|  |TAMS 0x0000000086a00000, 0x0000000086a00000| Untracked 
| 107|0x0000000086b00000, 0x0000000086c00000, 0x0000000086c00000|100%| O|  |TAMS 0x0000000086b00000, 0x0000000086b00000| Untracked 
| 108|0x0000000086c00000, 0x0000000086d00000, 0x0000000086d00000|100%| O|  |TAMS 0x0000000086c00000, 0x0000000086c00000| Untracked 
| 109|0x0000000086d00000, 0x0000000086e00000, 0x0000000086e00000|100%| O|  |TAMS 0x0000000086d00000, 0x0000000086d00000| Untracked 
| 110|0x0000000086e00000, 0x0000000086f00000, 0x0000000086f00000|100%| O|  |TAMS 0x0000000086e00000, 0x0000000086e00000| Untracked 
| 111|0x0000000086f00000, 0x0000000087000000, 0x0000000087000000|100%| O|  |TAMS 0x0000000086f00000, 0x0000000086f00000| Untracked 
| 112|0x0000000087000000, 0x0000000087100000, 0x0000000087100000|100%| O|  |TAMS 0x0000000087000000, 0x0000000087000000| Untracked 
| 113|0x0000000087100000, 0x0000000087200000, 0x0000000087200000|100%| O|  |TAMS 0x0000000087100000, 0x0000000087100000| Untracked 
| 114|0x0000000087200000, 0x0000000087300000, 0x0000000087300000|100%| O|  |TAMS 0x0000000087200000, 0x0000000087200000| Untracked 
| 115|0x0000000087300000, 0x0000000087400000, 0x0000000087400000|100%| O|  |TAMS 0x0000000087300000, 0x0000000087300000| Untracked 
| 116|0x0000000087400000, 0x0000000087500000, 0x0000000087500000|100%| O|  |TAMS 0x0000000087400000, 0x0000000087400000| Untracked 
| 117|0x0000000087500000, 0x0000000087600000, 0x0000000087600000|100%| O|  |TAMS 0x0000000087500000, 0x0000000087500000| Untracked 
| 118|0x0000000087600000, 0x0000000087700000, 0x0000000087700000|100%| O|  |TAMS 0x0000000087600000, 0x0000000087600000| Untracked 
| 119|0x0000000087700000, 0x0000000087800000, 0x0000000087800000|100%| O|  |TAMS 0x0000000087700000, 0x0000000087700000| Untracked 
| 120|0x0000000087800000, 0x0000000087900000, 0x0000000087900000|100%| O|  |TAMS 0x0000000087800000, 0x0000000087800000| Untracked 
| 121|0x0000000087900000, 0x0000000087a00000, 0x0000000087a00000|100%| O|  |TAMS 0x0000000087900000, 0x0000000087900000| Untracked 
| 122|0x0000000087a00000, 0x0000000087b00000, 0x0000000087b00000|100%| O|  |TAMS 0x0000000087a00000, 0x0000000087a00000| Untracked 
| 123|0x0000000087b00000, 0x0000000087c00000, 0x0000000087c00000|100%| O|  |TAMS 0x0000000087b00000, 0x0000000087b00000| Untracked 
| 124|0x0000000087c00000, 0x0000000087c5d600, 0x0000000087d00000| 36%| O|  |TAMS 0x0000000087c00000, 0x0000000087c00000| Untracked 
| 125|0x0000000087d00000, 0x0000000087d00000, 0x0000000087e00000|  0%| F|  |TAMS 0x0000000087d00000, 0x0000000087d00000| Untracked 
| 126|0x0000000087e00000, 0x0000000087e00000, 0x0000000087f00000|  0%| F|  |TAMS 0x0000000087e00000, 0x0000000087e00000| Untracked 
| 127|0x0000000087f00000, 0x0000000087f00000, 0x0000000088000000|  0%| F|  |TAMS 0x0000000087f00000, 0x0000000087f00000| Untracked 
| 128|0x0000000088000000, 0x0000000088000000, 0x0000000088100000|  0%| F|  |TAMS 0x0000000088000000, 0x0000000088000000| Untracked 
| 129|0x0000000088100000, 0x0000000088100000, 0x0000000088200000|  0%| F|  |TAMS 0x0000000088100000, 0x0000000088100000| Untracked 
| 130|0x0000000088200000, 0x0000000088200000, 0x0000000088300000|  0%| F|  |TAMS 0x0000000088200000, 0x0000000088200000| Untracked 
| 131|0x0000000088300000, 0x0000000088300000, 0x0000000088400000|  0%| F|  |TAMS 0x0000000088300000, 0x0000000088300000| Untracked 
| 132|0x0000000088400000, 0x0000000088400000, 0x0000000088500000|  0%| F|  |TAMS 0x0000000088400000, 0x0000000088400000| Untracked 
| 133|0x0000000088500000, 0x0000000088500000, 0x0000000088600000|  0%| F|  |TAMS 0x0000000088500000, 0x0000000088500000| Untracked 
| 134|0x0000000088600000, 0x0000000088600000, 0x0000000088700000|  0%| F|  |TAMS 0x0000000088600000, 0x0000000088600000| Untracked 
| 135|0x0000000088700000, 0x0000000088700000, 0x0000000088800000|  0%| F|  |TAMS 0x0000000088700000, 0x0000000088700000| Untracked 
| 136|0x0000000088800000, 0x0000000088800000, 0x0000000088900000|  0%| F|  |TAMS 0x0000000088800000, 0x0000000088800000| Untracked 
| 137|0x0000000088900000, 0x0000000088900000, 0x0000000088a00000|  0%| F|  |TAMS 0x0000000088900000, 0x0000000088900000| Untracked 
| 138|0x0000000088a00000, 0x0000000088a00000, 0x0000000088b00000|  0%| F|  |TAMS 0x0000000088a00000, 0x0000000088a00000| Untracked 
| 139|0x0000000088b00000, 0x0000000088b00000, 0x0000000088c00000|  0%| F|  |TAMS 0x0000000088b00000, 0x0000000088b00000| Untracked 
| 140|0x0000000088c00000, 0x0000000088c00000, 0x0000000088d00000|  0%| F|  |TAMS 0x0000000088c00000, 0x0000000088c00000| Untracked 
| 141|0x0000000088d00000, 0x0000000088d00000, 0x0000000088e00000|  0%| F|  |TAMS 0x0000000088d00000, 0x0000000088d00000| Untracked 
| 142|0x0000000088e00000, 0x0000000088e00000, 0x0000000088f00000|  0%| F|  |TAMS 0x0000000088e00000, 0x0000000088e00000| Untracked 
| 143|0x0000000088f00000, 0x0000000088f00000, 0x0000000089000000|  0%| F|  |TAMS 0x0000000088f00000, 0x0000000088f00000| Untracked 
| 144|0x0000000089000000, 0x0000000089018bc0, 0x0000000089100000|  9%| S|CS|TAMS 0x0000000089000000, 0x0000000089000000| Complete 
| 145|0x0000000089100000, 0x0000000089100000, 0x0000000089200000|  0%| F|  |TAMS 0x0000000089100000, 0x0000000089100000| Untracked 
| 146|0x0000000089200000, 0x0000000089200000, 0x0000000089300000|  0%| F|  |TAMS 0x0000000089200000, 0x0000000089200000| Untracked 
| 147|0x0000000089300000, 0x0000000089400000, 0x0000000089400000|100%| S|CS|TAMS 0x0000000089300000, 0x0000000089300000| Complete 
| 148|0x0000000089400000, 0x0000000089400000, 0x0000000089500000|  0%| F|  |TAMS 0x0000000089400000, 0x0000000089400000| Untracked 
| 149|0x0000000089500000, 0x0000000089600000, 0x0000000089600000|100%| S|CS|TAMS 0x0000000089500000, 0x0000000089500000| Complete 
| 150|0x0000000089600000, 0x0000000089600000, 0x0000000089700000|  0%| F|  |TAMS 0x0000000089600000, 0x0000000089600000| Untracked 
| 151|0x0000000089700000, 0x0000000089700000, 0x0000000089800000|  0%| F|  |TAMS 0x0000000089700000, 0x0000000089700000| Untracked 
| 152|0x0000000089800000, 0x0000000089800000, 0x0000000089900000|  0%| F|  |TAMS 0x0000000089800000, 0x0000000089800000| Untracked 
| 153|0x0000000089900000, 0x0000000089900000, 0x0000000089a00000|  0%| F|  |TAMS 0x0000000089900000, 0x0000000089900000| Untracked 
| 154|0x0000000089a00000, 0x0000000089a9f138, 0x0000000089b00000| 62%| E|  |TAMS 0x0000000089a00000, 0x0000000089a00000| Complete 
| 155|0x0000000089b00000, 0x0000000089c00000, 0x0000000089c00000|100%| E|CS|TAMS 0x0000000089b00000, 0x0000000089b00000| Complete 
| 156|0x0000000089c00000, 0x0000000089d00000, 0x0000000089d00000|100%| E|CS|TAMS 0x0000000089c00000, 0x0000000089c00000| Complete 
| 157|0x0000000089d00000, 0x0000000089e00000, 0x0000000089e00000|100%| E|CS|TAMS 0x0000000089d00000, 0x0000000089d00000| Complete 
| 158|0x0000000089e00000, 0x0000000089f00000, 0x0000000089f00000|100%| E|CS|TAMS 0x0000000089e00000, 0x0000000089e00000| Complete 
| 159|0x0000000089f00000, 0x000000008a000000, 0x000000008a000000|100%| E|CS|TAMS 0x0000000089f00000, 0x0000000089f00000| Complete 
| 160|0x000000008a000000, 0x000000008a100000, 0x000000008a100000|100%| E|CS|TAMS 0x000000008a000000, 0x000000008a000000| Complete 
| 161|0x000000008a100000, 0x000000008a200000, 0x000000008a200000|100%| E|CS|TAMS 0x000000008a100000, 0x000000008a100000| Complete 
| 162|0x000000008a200000, 0x000000008a300000, 0x000000008a300000|100%| E|CS|TAMS 0x000000008a200000, 0x000000008a200000| Complete 
| 163|0x000000008a300000, 0x000000008a400000, 0x000000008a400000|100%| E|CS|TAMS 0x000000008a300000, 0x000000008a300000| Complete 
| 164|0x000000008a400000, 0x000000008a500000, 0x000000008a500000|100%| E|CS|TAMS 0x000000008a400000, 0x000000008a400000| Complete 
| 165|0x000000008a500000, 0x000000008a600000, 0x000000008a600000|100%| E|CS|TAMS 0x000000008a500000, 0x000000008a500000| Complete 
| 166|0x000000008a600000, 0x000000008a700000, 0x000000008a700000|100%| E|CS|TAMS 0x000000008a600000, 0x000000008a600000| Complete 
| 167|0x000000008a700000, 0x000000008a800000, 0x000000008a800000|100%| E|CS|TAMS 0x000000008a700000, 0x000000008a700000| Complete 
| 168|0x000000008a800000, 0x000000008a900000, 0x000000008a900000|100%| E|CS|TAMS 0x000000008a800000, 0x000000008a800000| Complete 
| 169|0x000000008a900000, 0x000000008aa00000, 0x000000008aa00000|100%| E|CS|TAMS 0x000000008a900000, 0x000000008a900000| Complete 
| 170|0x000000008aa00000, 0x000000008ab00000, 0x000000008ab00000|100%| E|CS|TAMS 0x000000008aa00000, 0x000000008aa00000| Complete 
| 171|0x000000008ab00000, 0x000000008ac00000, 0x000000008ac00000|100%| E|CS|TAMS 0x000000008ab00000, 0x000000008ab00000| Complete 
| 247|0x000000008f700000, 0x000000008f800000, 0x000000008f800000|100%| E|CS|TAMS 0x000000008f700000, 0x000000008f700000| Complete 
| 248|0x000000008f800000, 0x000000008f900000, 0x000000008f900000|100%| E|CS|TAMS 0x000000008f800000, 0x000000008f800000| Complete 
| 253|0x000000008fd00000, 0x000000008fe00000, 0x000000008fe00000|100%| E|CS|TAMS 0x000000008fd00000, 0x000000008fd00000| Complete 

Card table byte_map: [0x0000024dfdd90000,0x0000024dfe190000] _byte_map_base: 0x0000024dfd990000

Marking Bits (Prev, Next): (CMBitMap*) 0x0000024de6bca3b0, (CMBitMap*) 0x0000024de6bca3f0
 Prev Bits: [0x0000024d80000000, 0x0000024d82000000)
 Next Bits: [0x0000024d82000000, 0x0000024d84000000)

Polling page: 0x0000024de4b10000

Metaspace:

Usage:
  Non-class:    113.49 MB used.
      Class:     16.78 MB used.
       Both:    130.27 MB used.

Virtual space:
  Non-class space:      128.00 MB reserved,     114.00 MB ( 89%) committed,  2 nodes.
      Class space:      416.00 MB reserved,      17.19 MB (  4%) committed,  1 nodes.
             Both:      544.00 MB reserved,     131.19 MB ( 24%) committed. 

Chunk freelists:
   Non-Class:  13.74 MB
       Class:  14.75 MB
        Both:  28.49 MB

MaxMetaspaceSize: 512.00 MB
CompressedClassSpaceSize: 416.00 MB
Initial GC threshold: 21.00 MB
Current GC threshold: 150.56 MB
CDS: on
MetaspaceReclaimPolicy: balanced
 - commit_granule_bytes: 65536.
 - commit_granule_words: 8192.
 - virtual_space_node_default_size: 8388608.
 - enlarge_chunks_in_place: 1.
 - new_chunks_are_fully_committed: 0.
 - uncommit_free_chunks: 1.
 - use_allocation_guard: 0.
 - handle_deallocations: 1.


Internal statistics:

num_allocs_failed_limit: 6.
num_arena_births: 1174.
num_arena_deaths: 0.
num_vsnodes_births: 3.
num_vsnodes_deaths: 0.
num_space_committed: 2097.
num_space_uncommitted: 0.
num_chunks_returned_to_freelist: 6.
num_chunks_taken_from_freelist: 6126.
num_chunk_merges: 6.
num_chunk_splits: 4527.
num_chunks_enlarged: 3479.
num_inconsistent_stats: 0.

CodeHeap 'non-profiled nmethods': size=120000Kb used=7179Kb max_used=7179Kb free=112820Kb
 bounds [0x0000024df6130000, 0x0000024df6840000, 0x0000024dfd660000]
CodeHeap 'profiled nmethods': size=120000Kb used=29718Kb max_used=29718Kb free=90281Kb
 bounds [0x0000024dee660000, 0x0000024df0370000, 0x0000024df5b90000]
CodeHeap 'non-nmethods': size=5760Kb used=2589Kb max_used=2647Kb free=3171Kb
 bounds [0x0000024df5b90000, 0x0000024df5e30000, 0x0000024df6130000]
 total_blobs=14062 nmethods=12907 adapters=1065
 compilation: enabled
              stopped_count=0, restarted_count=0
 full_count=0

Compilation events (20 events):
Event: 45.328 Thread 0x0000024dff11f3b0 14959       3       org.gradle.internal.watch.vfs.impl.WatchingVirtualFileSystem$$Lambda$339/0x0000024d87349cf0::<init> (15 bytes)
Event: 45.328 Thread 0x0000024dff11f3b0 nmethod 14959 0x0000024df0353e10 code [0x0000024df0353fc0, 0x0000024df03541d8]
Event: 45.328 Thread 0x0000024dff11f3b0 14963       3       java.util.WeakHashMap::getEntry (70 bytes)
Event: 45.329 Thread 0x0000024dff11f3b0 nmethod 14963 0x0000024df0354290 code [0x0000024df03544a0, 0x0000024df0354d38]
Event: 45.329 Thread 0x0000024dff11f3b0 14962       3       java.util.WeakHashMap::containsKey (14 bytes)
Event: 45.329 Thread 0x0000024dff11f3b0 nmethod 14962 0x0000024df0355090 code [0x0000024df0355240, 0x0000024df0355468]
Event: 45.335 Thread 0x0000024dff11f3b0 14965       3       java.lang.invoke.LambdaForm$MH/0x0000024d87340400::linkToTargetMethod (10 bytes)
Event: 45.336 Thread 0x0000024dff11f3b0 nmethod 14965 0x0000024df0355510 code [0x0000024df03556c0, 0x0000024df0355ab8]
Event: 45.337 Thread 0x0000024dff11f3b0 14966       3       java.lang.invoke.LambdaForm$DMH/0x0000024d87340000::newInvokeSpecial (27 bytes)
Event: 45.337 Thread 0x0000024dff11f3b0 nmethod 14966 0x0000024df0355b90 code [0x0000024df0355d80, 0x0000024df0356528]
Event: 45.338 Thread 0x0000024dff11f3b0 14967       3       org.gradle.api.internal.model.DefaultObjectFactory::property (181 bytes)
Event: 45.341 Thread 0x0000024dff11f3b0 nmethod 14967 0x0000024df0356710 code [0x0000024df0356e20, 0x0000024df0359fc8]
Event: 45.341 Thread 0x0000024dff11f3b0 14969       1       org.gradle.internal.typeconversion.NotationConverterToNotationParserAdapter$ResultImpl::hasResult (5 bytes)
Event: 45.342 Thread 0x0000024dff11f3b0 nmethod 14969 0x0000024df682f310 code [0x0000024df682f4a0, 0x0000024df682f578]
Event: 45.342 Thread 0x0000024dff11f3b0 14968       3       com.google.common.primitives.Ints::saturatedCast (25 bytes)
Event: 45.342 Thread 0x0000024dff11f3b0 nmethod 14968 0x0000024df035b210 code [0x0000024df035b3c0, 0x0000024df035b598]
Event: 45.347 Thread 0x0000024da6778ea0 nmethod 14960 0x0000024df682f610 code [0x0000024df682f800, 0x0000024df6830388]
Event: 45.347 Thread 0x0000024da6778ea0 14961       4       com.google.common.collect.ImmutableMap$Builder::put (35 bytes)
Event: 45.356 Thread 0x0000024da6778ea0 nmethod 14961 0x0000024df6830990 code [0x0000024df6830b20, 0x0000024df68311d8]
Event: 45.356 Thread 0x0000024da6778ea0 14964       4       org.gradle.internal.service.DefaultServiceRegistry::find (142 bytes)

GC Heap History (20 events):
Event: 32.672 GC heap before
{Heap before GC invocations=48 (full 0):
 garbage-first heap   total 179200K, used 150285K [0x0000000080000000, 0x0000000100000000)
  region size 1024K, 42 young (43008K), 4 survivors (4096K)
 Metaspace       used 105695K, committed 106496K, reserved 557056K
  class space    used 14361K, committed 14784K, reserved 425984K
}
Event: 32.681 GC heap after
{Heap after GC invocations=49 (full 0):
 garbage-first heap   total 179200K, used 112368K [0x0000000080000000, 0x0000000100000000)
  region size 1024K, 5 young (5120K), 5 survivors (5120K)
 Metaspace       used 105695K, committed 106496K, reserved 557056K
  class space    used 14361K, committed 14784K, reserved 425984K
}
Event: 33.671 GC heap before
{Heap before GC invocations=49 (full 0):
 garbage-first heap   total 179200K, used 150256K [0x0000000080000000, 0x0000000100000000)
  region size 1024K, 42 young (43008K), 5 survivors (5120K)
 Metaspace       used 107630K, committed 108416K, reserved 557056K
  class space    used 14565K, committed 14976K, reserved 425984K
}
Event: 33.680 GC heap after
{Heap after GC invocations=50 (full 0):
 garbage-first heap   total 179200K, used 115897K [0x0000000080000000, 0x0000000100000000)
  region size 1024K, 6 young (6144K), 6 survivors (6144K)
 Metaspace       used 107630K, committed 108416K, reserved 557056K
  class space    used 14565K, committed 14976K, reserved 425984K
}
Event: 34.741 GC heap before
{Heap before GC invocations=50 (full 0):
 garbage-first heap   total 179200K, used 150713K [0x0000000080000000, 0x0000000100000000)
  region size 1024K, 40 young (40960K), 6 survivors (6144K)
 Metaspace       used 110105K, committed 110976K, reserved 557056K
  class space    used 14833K, committed 15232K, reserved 425984K
}
Event: 34.751 GC heap after
{Heap after GC invocations=51 (full 0):
 garbage-first heap   total 179200K, used 118421K [0x0000000080000000, 0x0000000100000000)
  region size 1024K, 3 young (3072K), 3 survivors (3072K)
 Metaspace       used 110105K, committed 110976K, reserved 557056K
  class space    used 14833K, committed 15232K, reserved 425984K
}
Event: 37.444 GC heap before
{Heap before GC invocations=51 (full 0):
 garbage-first heap   total 179200K, used 151189K [0x0000000080000000, 0x0000000100000000)
  region size 1024K, 35 young (35840K), 3 survivors (3072K)
 Metaspace       used 112290K, committed 113152K, reserved 557056K
  class space    used 14986K, committed 15424K, reserved 425984K
}
Event: 37.452 GC heap after
{Heap after GC invocations=52 (full 0):
 garbage-first heap   total 179200K, used 122730K [0x0000000080000000, 0x0000000100000000)
  region size 1024K, 5 young (5120K), 5 survivors (5120K)
 Metaspace       used 112290K, committed 113152K, reserved 557056K
  class space    used 14986K, committed 15424K, reserved 425984K
}
Event: 39.235 GC heap before
{Heap before GC invocations=52 (full 0):
 garbage-first heap   total 179200K, used 151402K [0x0000000080000000, 0x0000000100000000)
  region size 1024K, 33 young (33792K), 5 survivors (5120K)
 Metaspace       used 115201K, committed 116032K, reserved 557056K
  class space    used 15270K, committed 15680K, reserved 425984K
}
Event: 39.245 GC heap after
{Heap after GC invocations=53 (full 0):
 garbage-first heap   total 179200K, used 125209K [0x0000000080000000, 0x0000000100000000)
  region size 1024K, 3 young (3072K), 3 survivors (3072K)
 Metaspace       used 115201K, committed 116032K, reserved 557056K
  class space    used 15270K, committed 15680K, reserved 425984K
}
Event: 40.350 GC heap before
{Heap before GC invocations=53 (full 0):
 garbage-first heap   total 179200K, used 150809K [0x0000000080000000, 0x0000000100000000)
  region size 1024K, 29 young (29696K), 3 survivors (3072K)
 Metaspace       used 117901K, committed 118784K, reserved 557056K
  class space    used 15554K, committed 16000K, reserved 425984K
}
Event: 40.355 GC heap after
{Heap after GC invocations=54 (full 0):
 garbage-first heap   total 179200K, used 126820K [0x0000000080000000, 0x0000000100000000)
  region size 1024K, 4 young (4096K), 4 survivors (4096K)
 Metaspace       used 117901K, committed 118784K, reserved 557056K
  class space    used 15554K, committed 16000K, reserved 425984K
}
Event: 40.891 GC heap before
{Heap before GC invocations=54 (full 0):
 garbage-first heap   total 179200K, used 151396K [0x0000000080000000, 0x0000000100000000)
  region size 1024K, 29 young (29696K), 4 survivors (4096K)
 Metaspace       used 120804K, committed 121664K, reserved 557056K
  class space    used 15942K, committed 16384K, reserved 425984K
}
Event: 40.896 GC heap after
{Heap after GC invocations=55 (full 0):
 garbage-first heap   total 179200K, used 127522K [0x0000000080000000, 0x0000000100000000)
  region size 1024K, 3 young (3072K), 3 survivors (3072K)
 Metaspace       used 120804K, committed 121664K, reserved 557056K
  class space    used 15942K, committed 16384K, reserved 425984K
}
Event: 41.349 GC heap before
{Heap before GC invocations=55 (full 0):
 garbage-first heap   total 179200K, used 154146K [0x0000000080000000, 0x0000000100000000)
  region size 1024K, 29 young (29696K), 3 survivors (3072K)
 Metaspace       used 124548K, committed 125440K, reserved 557056K
  class space    used 16275K, committed 16704K, reserved 425984K
}
Event: 41.352 GC heap after
{Heap after GC invocations=56 (full 0):
 garbage-first heap   total 179200K, used 128340K [0x0000000080000000, 0x0000000100000000)
  region size 1024K, 2 young (2048K), 2 survivors (2048K)
 Metaspace       used 124548K, committed 125440K, reserved 557056K
  class space    used 16275K, committed 16704K, reserved 425984K
}
Event: 41.893 GC heap before
{Heap before GC invocations=56 (full 0):
 garbage-first heap   total 179200K, used 154964K [0x0000000080000000, 0x0000000100000000)
  region size 1024K, 28 young (28672K), 2 survivors (2048K)
 Metaspace       used 128358K, committed 129216K, reserved 557056K
  class space    used 16657K, committed 17088K, reserved 425984K
}
Event: 41.896 GC heap after
{Heap after GC invocations=57 (full 0):
 garbage-first heap   total 179200K, used 128828K [0x0000000080000000, 0x0000000100000000)
  region size 1024K, 3 young (3072K), 3 survivors (3072K)
 Metaspace       used 128358K, committed 129216K, reserved 557056K
  class space    used 16657K, committed 17088K, reserved 425984K
}
Event: 43.440 GC heap before
{Heap before GC invocations=57 (full 0):
 garbage-first heap   total 179200K, used 153404K [0x0000000080000000, 0x0000000100000000)
  region size 1024K, 28 young (28672K), 3 survivors (3072K)
 Metaspace       used 131633K, committed 132480K, reserved 557056K
  class space    used 16933K, committed 17344K, reserved 425984K
}
Event: 43.446 GC heap after
{Heap after GC invocations=58 (full 0):
 garbage-first heap   total 179200K, used 129496K [0x0000000080000000, 0x0000000100000000)
  region size 1024K, 3 young (3072K), 3 survivors (3072K)
 Metaspace       used 131633K, committed 132480K, reserved 557056K
  class space    used 16933K, committed 17344K, reserved 425984K
}

Dll operation events (14 events):
Event: 0.015 Loaded shared library C:\Program Files\Microsoft\jdk-17.0.8.7-hotspot\bin\java.dll
Event: 0.047 Loaded shared library C:\Program Files\Microsoft\jdk-17.0.8.7-hotspot\bin\jsvml.dll
Event: 0.120 Loaded shared library C:\Program Files\Microsoft\jdk-17.0.8.7-hotspot\bin\zip.dll
Event: 0.124 Loaded shared library C:\Program Files\Microsoft\jdk-17.0.8.7-hotspot\bin\instrument.dll
Event: 0.131 Loaded shared library C:\Program Files\Microsoft\jdk-17.0.8.7-hotspot\bin\net.dll
Event: 0.134 Loaded shared library C:\Program Files\Microsoft\jdk-17.0.8.7-hotspot\bin\nio.dll
Event: 0.140 Loaded shared library C:\Program Files\Microsoft\jdk-17.0.8.7-hotspot\bin\zip.dll
Event: 0.668 Loaded shared library C:\Program Files\Microsoft\jdk-17.0.8.7-hotspot\bin\jimage.dll
Event: 0.836 Loaded shared library C:\Program Files\Microsoft\jdk-17.0.8.7-hotspot\bin\verify.dll
Event: 1.217 Loaded shared library C:\Users\HP-EliteBook\.gradle\native\c067742578af261105cb4f569cf0c3c89f3d7b1fecec35dd04571415982c5e48\windows-amd64\native-platform.dll
Event: 1.249 Loaded shared library C:\Users\HP-EliteBook\.gradle\native\100fb08df4bc3b14c8652ba06237920a3bd2aa13389f12d3474272988ae205f9\windows-amd64\native-platform-file-events.dll
Event: 2.977 Loaded shared library C:\Program Files\Microsoft\jdk-17.0.8.7-hotspot\bin\management.dll
Event: 2.980 Loaded shared library C:\Program Files\Microsoft\jdk-17.0.8.7-hotspot\bin\management_ext.dll
Event: 3.724 Loaded shared library C:\Program Files\Microsoft\jdk-17.0.8.7-hotspot\bin\sunmscapi.dll

Deoptimization events (20 events):
Event: 45.125 Thread 0x0000024da5886090 Uncommon trap: trap_request=0xffffff45 fr.pc=0x0000024df652ce48 relative=0x0000000000005be8
Event: 45.125 Thread 0x0000024da5886090 Uncommon trap: reason=unstable_if action=reinterpret pc=0x0000024df652ce48 method=java.io.ObjectStreamClass.writeNonProxy(Ljava/io/ObjectOutputStream;)V @ 22 c2
Event: 45.125 Thread 0x0000024da5886090 DEOPT PACKING pc=0x0000024df652ce48 sp=0x000000a12a3fd480
Event: 45.125 Thread 0x0000024da5886090 DEOPT UNPACKING pc=0x0000024df5be69a3 sp=0x000000a12a3fd320 mode 2
Event: 45.126 Thread 0x0000024da5886090 Uncommon trap: trap_request=0xffffff45 fr.pc=0x0000024df64e4118 relative=0x0000000000000658
Event: 45.126 Thread 0x0000024da5886090 Uncommon trap: reason=unstable_if action=reinterpret pc=0x0000024df64e4118 method=com.esotericsoftware.kryo.io.Output.writeBytes([BII)V @ 61 c2
Event: 45.126 Thread 0x0000024da5886090 DEOPT PACKING pc=0x0000024df64e4118 sp=0x000000a12a3fd3d0
Event: 45.126 Thread 0x0000024da5886090 DEOPT UNPACKING pc=0x0000024df5be69a3 sp=0x000000a12a3fd258 mode 2
Event: 45.126 Thread 0x0000024da5886090 Uncommon trap: trap_request=0xffffff45 fr.pc=0x0000024df65e0568 relative=0x0000000000000068
Event: 45.126 Thread 0x0000024da5886090 Uncommon trap: reason=unstable_if action=reinterpret pc=0x0000024df65e0568 method=com.esotericsoftware.kryo.io.Output.require(I)Z @ 10 c2
Event: 45.126 Thread 0x0000024da5886090 DEOPT PACKING pc=0x0000024df65e0568 sp=0x000000a12a3fd240
Event: 45.126 Thread 0x0000024da5886090 DEOPT UNPACKING pc=0x0000024df5be69a3 sp=0x000000a12a3fd1d0 mode 2
Event: 45.282 Thread 0x0000024da58874d0 Uncommon trap: trap_request=0xffffffc6 fr.pc=0x0000024df65199ec relative=0x00000000000005cc
Event: 45.285 Thread 0x0000024da58874d0 Uncommon trap: reason=bimorphic_or_optimized_type_check action=maybe_recompile pc=0x0000024df65199ec method=org.gradle.internal.snapshot.MediumChildMap.withNode(Lorg/gradle/internal/snapshot/VfsRelativePath;Lorg/gradle/internal/snapshot/CaseSensitivity;Lo
Event: 45.285 Thread 0x0000024da58874d0 DEOPT PACKING pc=0x0000024df65199ec sp=0x000000a12a0f58d0
Event: 45.285 Thread 0x0000024da58874d0 DEOPT UNPACKING pc=0x0000024df5be69a3 sp=0x000000a12a0f5878 mode 2
Event: 45.325 Thread 0x0000024da58874d0 Uncommon trap: trap_request=0xffffffc6 fr.pc=0x0000024df65199ec relative=0x00000000000005cc
Event: 45.325 Thread 0x0000024da58874d0 Uncommon trap: reason=bimorphic_or_optimized_type_check action=maybe_recompile pc=0x0000024df65199ec method=org.gradle.internal.snapshot.MediumChildMap.withNode(Lorg/gradle/internal/snapshot/VfsRelativePath;Lorg/gradle/internal/snapshot/CaseSensitivity;Lo
Event: 45.325 Thread 0x0000024da58874d0 DEOPT PACKING pc=0x0000024df65199ec sp=0x000000a12a0f5560
Event: 45.325 Thread 0x0000024da58874d0 DEOPT UNPACKING pc=0x0000024df5be69a3 sp=0x000000a12a0f5508 mode 2

Classes unloaded (0 events):
No events

Classes redefined (0 events):
No events

Internal exceptions (20 events):
Event: 37.636 Thread 0x0000024da58874d0 Exception <a 'java/lang/NoSuchMethodError'{0x000000008aa9bd98}: 'java.lang.Object java.lang.invoke.DirectMethodHandle$Holder.invokeStatic(java.lang.Object, int, java.lang.Object)'> (0x000000008aa9bd98) 
thrown [s\src\hotspot\share\interpreter\linkResolver.cpp, line 759]
Event: 37.690 Thread 0x0000024da58874d0 Exception <a 'java/lang/NoSuchMethodError'{0x000000008a9156c8}: 'java.lang.Object java.lang.invoke.DirectMethodHandle$Holder.invokeStatic(java.lang.Object, int, java.lang.Object, java.lang.Object)'> (0x000000008a9156c8) 
thrown [s\src\hotspot\share\interpreter\linkResolver.cpp, line 759]
Event: 40.138 Thread 0x0000024da58874d0 Exception <a 'java/lang/NoSuchMethodError'{0x0000000089b8b888}: 'java.lang.Object java.lang.invoke.DirectMethodHandle$Holder.newInvokeSpecial(java.lang.Object, java.lang.Object, java.lang.Object, int, int, java.lang.Object, java.lang.Object)'> (0x0000000089b8b888) 
thrown [s\src\hotspot\share\interpreter\linkResolver.cpp, line 759]
Event: 43.685 Thread 0x0000024da58874d0 Exception <a 'java/lang/NoSuchMethodError'{0x000000008f7cf420}: 'void java.lang.invoke.DirectMethodHandle$Holder.invokeInterface(java.lang.Object, java.lang.Object, java.lang.Object, java.lang.Object)'> (0x000000008f7cf420) 
thrown [s\src\hotspot\share\interpreter\linkResolver.cpp, line 759]
Event: 43.690 Thread 0x0000024da58874d0 Exception <a 'sun/nio/fs/WindowsException'{0x000000008f7dbc60}> (0x000000008f7dbc60) 
thrown [s\src\hotspot\share\prims\jni.cpp, line 516]
Event: 43.693 Thread 0x0000024da58874d0 Exception <a 'sun/nio/fs/WindowsException'{0x000000008f7dde78}> (0x000000008f7dde78) 
thrown [s\src\hotspot\share\prims\jni.cpp, line 516]
Event: 43.827 Thread 0x0000024da58874d0 Exception <a 'sun/nio/fs/WindowsException'{0x000000008aa003f8}> (0x000000008aa003f8) 
thrown [s\src\hotspot\share\prims\jni.cpp, line 516]
Event: 43.831 Thread 0x0000024da58874d0 Exception <a 'sun/nio/fs/WindowsException'{0x000000008aa092a8}> (0x000000008aa092a8) 
thrown [s\src\hotspot\share\prims\jni.cpp, line 516]
Event: 43.834 Thread 0x0000024da58874d0 Exception <a 'sun/nio/fs/WindowsException'{0x000000008aa11e88}> (0x000000008aa11e88) 
thrown [s\src\hotspot\share\prims\jni.cpp, line 516]
Event: 43.841 Thread 0x0000024da58874d0 Exception <a 'sun/nio/fs/WindowsException'{0x000000008aa1afc0}> (0x000000008aa1afc0) 
thrown [s\src\hotspot\share\prims\jni.cpp, line 516]
Event: 43.845 Thread 0x0000024da58874d0 Exception <a 'sun/nio/fs/WindowsException'{0x000000008aa23928}> (0x000000008aa23928) 
thrown [s\src\hotspot\share\prims\jni.cpp, line 516]
Event: 43.849 Thread 0x0000024da58874d0 Exception <a 'sun/nio/fs/WindowsException'{0x000000008aa35cb8}> (0x000000008aa35cb8) 
thrown [s\src\hotspot\share\prims\jni.cpp, line 516]
Event: 43.854 Thread 0x0000024da58874d0 Exception <a 'sun/nio/fs/WindowsException'{0x000000008aa3e5a0}> (0x000000008aa3e5a0) 
thrown [s\src\hotspot\share\prims\jni.cpp, line 516]
Event: 43.859 Thread 0x0000024da58874d0 Exception <a 'sun/nio/fs/WindowsException'{0x000000008aa463d8}> (0x000000008aa463d8) 
thrown [s\src\hotspot\share\prims\jni.cpp, line 516]
Event: 43.893 Thread 0x0000024da58874d0 Exception <a 'sun/nio/fs/WindowsException'{0x000000008aa51248}> (0x000000008aa51248) 
thrown [s\src\hotspot\share\prims\jni.cpp, line 516]
Event: 43.897 Thread 0x0000024da58874d0 Exception <a 'sun/nio/fs/WindowsException'{0x000000008aa59c58}> (0x000000008aa59c58) 
thrown [s\src\hotspot\share\prims\jni.cpp, line 516]
Event: 43.909 Thread 0x0000024da58874d0 Exception <a 'sun/nio/fs/WindowsException'{0x000000008aa62d20}> (0x000000008aa62d20) 
thrown [s\src\hotspot\share\prims\jni.cpp, line 516]
Event: 43.912 Thread 0x0000024da58874d0 Exception <a 'sun/nio/fs/WindowsException'{0x000000008aa6adc0}> (0x000000008aa6adc0) 
thrown [s\src\hotspot\share\prims\jni.cpp, line 516]
Event: 43.916 Thread 0x0000024da58874d0 Exception <a 'sun/nio/fs/WindowsException'{0x000000008aa7afc0}> (0x000000008aa7afc0) 
thrown [s\src\hotspot\share\prims\jni.cpp, line 516]
Event: 43.938 Thread 0x0000024da58874d0 Exception <a 'sun/nio/fs/WindowsException'{0x000000008aa8e478}> (0x000000008aa8e478) 
thrown [s\src\hotspot\share\prims\jni.cpp, line 516]

VM Operations (20 events):
Event: 41.922 Executing VM operation: HandshakeAllThreads
Event: 41.922 Executing VM operation: HandshakeAllThreads done
Event: 42.233 Executing VM operation: HandshakeAllThreads
Event: 42.233 Executing VM operation: HandshakeAllThreads done
Event: 42.631 Executing VM operation: HandshakeAllThreads
Event: 42.632 Executing VM operation: HandshakeAllThreads done
Event: 42.677 Executing VM operation: HandshakeAllThreads
Event: 42.678 Executing VM operation: HandshakeAllThreads done
Event: 42.708 Executing VM operation: HandshakeAllThreads
Event: 42.708 Executing VM operation: HandshakeAllThreads done
Event: 42.912 Executing VM operation: HandshakeAllThreads
Event: 42.912 Executing VM operation: HandshakeAllThreads done
Event: 42.912 Executing VM operation: Cleanup
Event: 42.912 Executing VM operation: Cleanup done
Event: 43.440 Executing VM operation: G1CollectForAllocation
Event: 43.446 Executing VM operation: G1CollectForAllocation done
Event: 43.551 Executing VM operation: HandshakeAllThreads
Event: 43.552 Executing VM operation: HandshakeAllThreads done
Event: 44.557 Executing VM operation: Cleanup
Event: 44.558 Executing VM operation: Cleanup done

Events (20 events):
Event: 36.844 Thread 0x0000024dff11fcc0 flushing nmethod 0x0000024defb8dc90
Event: 36.846 Thread 0x0000024dff11fcc0 flushing nmethod 0x0000024defc4e590
Event: 36.846 Thread 0x0000024dff11fcc0 flushing nmethod 0x0000024defcace90
Event: 36.846 Thread 0x0000024dff11fcc0 flushing nmethod 0x0000024defcafa90
Event: 36.848 Thread 0x0000024dff11fcc0 flushing nmethod 0x0000024defd5b290
Event: 36.849 Thread 0x0000024dff11fcc0 flushing nmethod 0x0000024defdf2990
Event: 37.494 Thread 0x0000024da677c910 Thread added: 0x0000024da677c910
Event: 39.378 Thread 0x0000024da677c910 Thread exited: 0x0000024da677c910
Event: 39.901 Thread 0x0000024da677d3b0 Thread exited: 0x0000024da677d3b0
Event: 40.948 Thread 0x0000024dff11fcc0 flushing nmethod 0x0000024def91a510
Event: 40.949 Thread 0x0000024dff11fcc0 flushing nmethod 0x0000024defac6a10
Event: 40.949 Thread 0x0000024dff11fcc0 flushing nmethod 0x0000024defad5310
Event: 40.949 Thread 0x0000024dff11fcc0 flushing nmethod 0x0000024defb13e90
Event: 40.949 Thread 0x0000024dff11fcc0 flushing nmethod 0x0000024defb5c090
Event: 40.949 Thread 0x0000024dff11fcc0 flushing nmethod 0x0000024defb98e90
Event: 43.921 loading class java/util/zip/ZipInputStream
Event: 43.921 loading class java/util/zip/ZipInputStream done
Event: 43.997 loading class java/io/CharArrayWriter
Event: 43.998 loading class java/io/CharArrayWriter done
Event: 44.710 Thread 0x0000024da6778ea0 Thread added: 0x0000024da6778ea0


Dynamic libraries:
0x00007ff7b11e0000 - 0x00007ff7b11ee000 	C:\Program Files\Microsoft\jdk-17.0.8.7-hotspot\bin\java.exe
0x00007ffd8d770000 - 0x00007ffd8d987000 	C:\WINDOWS\SYSTEM32\ntdll.dll
0x00007ffd8b690000 - 0x00007ffd8b754000 	C:\WINDOWS\System32\KERNEL32.DLL
0x00007ffd8ac00000 - 0x00007ffd8afb9000 	C:\WINDOWS\System32\KERNELBASE.dll
0x00007ffd8b340000 - 0x00007ffd8b451000 	C:\WINDOWS\System32\ucrtbase.dll
0x00007ffd478a0000 - 0x00007ffd478bb000 	C:\Program Files\Microsoft\jdk-17.0.8.7-hotspot\bin\VCRUNTIME140.dll
0x00007ffd65290000 - 0x00007ffd652a7000 	C:\Program Files\Microsoft\jdk-17.0.8.7-hotspot\bin\jli.dll
0x00007ffd8b890000 - 0x00007ffd8ba3e000 	C:\WINDOWS\System32\USER32.dll
0x00007ffd724d0000 - 0x00007ffd72762000 	C:\WINDOWS\WinSxS\amd64_microsoft.windows.common-controls_6595b64144ccf1df_6.0.22621.4391_none_2715d37f73803e96\COMCTL32.dll
0x00007ffd8b460000 - 0x00007ffd8b486000 	C:\WINDOWS\System32\win32u.dll
0x00007ffd8d010000 - 0x00007ffd8d0b7000 	C:\WINDOWS\System32\msvcrt.dll
0x00007ffd8cb40000 - 0x00007ffd8cb69000 	C:\WINDOWS\System32\GDI32.dll
0x00007ffd8aa70000 - 0x00007ffd8ab8b000 	C:\WINDOWS\System32\gdi32full.dll
0x00007ffd8b130000 - 0x00007ffd8b1ca000 	C:\WINDOWS\System32\msvcp_win.dll
0x00007ffd8c610000 - 0x00007ffd8c641000 	C:\WINDOWS\System32\IMM32.DLL
0x00007ffd82450000 - 0x00007ffd8245c000 	C:\Program Files\Microsoft\jdk-17.0.8.7-hotspot\bin\vcruntime140_1.dll
0x00007ffceb3b0000 - 0x00007ffceb43d000 	C:\Program Files\Microsoft\jdk-17.0.8.7-hotspot\bin\msvcp140.dll
0x00007ffcc1ea0000 - 0x00007ffcc2b05000 	C:\Program Files\Microsoft\jdk-17.0.8.7-hotspot\bin\server\jvm.dll
0x00007ffd8bb40000 - 0x00007ffd8bbf2000 	C:\WINDOWS\System32\ADVAPI32.dll
0x00007ffd8b7c0000 - 0x00007ffd8b867000 	C:\WINDOWS\System32\sechost.dll
0x00007ffd8b080000 - 0x00007ffd8b0a8000 	C:\WINDOWS\System32\bcrypt.dll
0x00007ffd8c650000 - 0x00007ffd8c764000 	C:\WINDOWS\System32\RPCRT4.dll
0x00007ffd898c0000 - 0x00007ffd8990d000 	C:\WINDOWS\SYSTEM32\POWRPROF.dll
0x00007ffd84b70000 - 0x00007ffd84ba4000 	C:\WINDOWS\SYSTEM32\WINMM.dll
0x00007ffd56d20000 - 0x00007ffd56d29000 	C:\WINDOWS\SYSTEM32\WSOCK32.dll
0x00007ffd8cf00000 - 0x00007ffd8cf71000 	C:\WINDOWS\System32\WS2_32.dll
0x00007ffd84840000 - 0x00007ffd8484a000 	C:\WINDOWS\SYSTEM32\VERSION.dll
0x00007ffd898a0000 - 0x00007ffd898b3000 	C:\WINDOWS\SYSTEM32\UMPDC.dll
0x00007ffd89b60000 - 0x00007ffd89b78000 	C:\WINDOWS\SYSTEM32\kernel.appcore.dll
0x00007ffd6e5e0000 - 0x00007ffd6e5ea000 	C:\Program Files\Microsoft\jdk-17.0.8.7-hotspot\bin\jimage.dll
0x00007ffd88210000 - 0x00007ffd88442000 	C:\WINDOWS\SYSTEM32\DBGHELP.DLL
0x00007ffd8cb70000 - 0x00007ffd8ceff000 	C:\WINDOWS\System32\combase.dll
0x00007ffd8ca60000 - 0x00007ffd8cb37000 	C:\WINDOWS\System32\OLEAUT32.dll
0x00007ffd5c5f0000 - 0x00007ffd5c622000 	C:\WINDOWS\SYSTEM32\dbgcore.DLL
0x00007ffd8b0b0000 - 0x00007ffd8b12b000 	C:\WINDOWS\System32\bcryptPrimitives.dll
0x00007ffd60310000 - 0x00007ffd6031e000 	C:\Program Files\Microsoft\jdk-17.0.8.7-hotspot\bin\instrument.dll
0x00007ffd36ad0000 - 0x00007ffd36af5000 	C:\Program Files\Microsoft\jdk-17.0.8.7-hotspot\bin\java.dll
0x00007ffcea4f0000 - 0x00007ffcea5c7000 	C:\Program Files\Microsoft\jdk-17.0.8.7-hotspot\bin\jsvml.dll
0x00007ffd8bc00000 - 0x00007ffd8c476000 	C:\WINDOWS\System32\SHELL32.dll
0x00007ffd88970000 - 0x00007ffd89273000 	C:\WINDOWS\SYSTEM32\windows.storage.dll
0x00007ffd88830000 - 0x00007ffd8896f000 	C:\WINDOWS\SYSTEM32\wintypes.dll
0x00007ffd8ba40000 - 0x00007ffd8bb39000 	C:\WINDOWS\System32\SHCORE.dll
0x00007ffd8c5b0000 - 0x00007ffd8c60e000 	C:\WINDOWS\System32\shlwapi.dll
0x00007ffd8a9a0000 - 0x00007ffd8a9cb000 	C:\WINDOWS\SYSTEM32\profapi.dll
0x00007ffd40220000 - 0x00007ffd40238000 	C:\Program Files\Microsoft\jdk-17.0.8.7-hotspot\bin\zip.dll
0x00007ffd3f1e0000 - 0x00007ffd3f1f9000 	C:\Program Files\Microsoft\jdk-17.0.8.7-hotspot\bin\net.dll
0x00007ffd86070000 - 0x00007ffd861a6000 	C:\WINDOWS\SYSTEM32\WINHTTP.dll
0x00007ffd89fd0000 - 0x00007ffd8a039000 	C:\WINDOWS\system32\mswsock.dll
0x00007ffd3ec60000 - 0x00007ffd3ec76000 	C:\Program Files\Microsoft\jdk-17.0.8.7-hotspot\bin\nio.dll
0x00007ffd5ff80000 - 0x00007ffd5ff90000 	C:\Program Files\Microsoft\jdk-17.0.8.7-hotspot\bin\verify.dll
0x00007ffd3f5c0000 - 0x00007ffd3f5e7000 	C:\Users\HP-EliteBook\.gradle\native\c067742578af261105cb4f569cf0c3c89f3d7b1fecec35dd04571415982c5e48\windows-amd64\native-platform.dll
0x00007ffce9dc0000 - 0x00007ffce9f04000 	C:\Users\HP-EliteBook\.gradle\native\100fb08df4bc3b14c8652ba06237920a3bd2aa13389f12d3474272988ae205f9\windows-amd64\native-platform-file-events.dll
0x00007ffd5df70000 - 0x00007ffd5df79000 	C:\Program Files\Microsoft\jdk-17.0.8.7-hotspot\bin\management.dll
0x00007ffd5cbd0000 - 0x00007ffd5cbdb000 	C:\Program Files\Microsoft\jdk-17.0.8.7-hotspot\bin\management_ext.dll
0x00007ffd8d0c0000 - 0x00007ffd8d0c8000 	C:\WINDOWS\System32\PSAPI.DLL
0x00007ffd8a320000 - 0x00007ffd8a33b000 	C:\WINDOWS\SYSTEM32\CRYPTSP.dll
0x00007ffd89ac0000 - 0x00007ffd89af5000 	C:\WINDOWS\system32\rsaenh.dll
0x00007ffd8a070000 - 0x00007ffd8a098000 	C:\WINDOWS\SYSTEM32\USERENV.dll
0x00007ffd8a300000 - 0x00007ffd8a30c000 	C:\WINDOWS\SYSTEM32\CRYPTBASE.dll
0x00007ffd895e0000 - 0x00007ffd8960d000 	C:\WINDOWS\SYSTEM32\IPHLPAPI.DLL
0x00007ffd8c790000 - 0x00007ffd8c799000 	C:\WINDOWS\System32\NSI.dll
0x00007ffd84870000 - 0x00007ffd84889000 	C:\WINDOWS\SYSTEM32\dhcpcsvc6.DLL
0x00007ffd84850000 - 0x00007ffd8486f000 	C:\WINDOWS\SYSTEM32\dhcpcsvc.DLL
0x00007ffd89610000 - 0x00007ffd89712000 	C:\WINDOWS\SYSTEM32\DNSAPI.dll
0x00007ffd57520000 - 0x00007ffd5752e000 	C:\Program Files\Microsoft\jdk-17.0.8.7-hotspot\bin\sunmscapi.dll
0x00007ffd8b1d0000 - 0x00007ffd8b336000 	C:\WINDOWS\System32\CRYPT32.dll
0x00007ffd8a430000 - 0x00007ffd8a45d000 	C:\WINDOWS\SYSTEM32\ncrypt.dll
0x00007ffd8a3f0000 - 0x00007ffd8a427000 	C:\WINDOWS\SYSTEM32\NTASN1.dll
0x00007ffd628c0000 - 0x00007ffd628c8000 	C:\WINDOWS\system32\wshunix.dll
0x00007ffd84820000 - 0x00007ffd8482a000 	C:\Windows\System32\rasadhlp.dll
0x00007ffd81540000 - 0x00007ffd815c3000 	C:\WINDOWS\System32\fwpuclnt.dll

dbghelp: loaded successfully - version: 4.0.5 - missing functions: none
symbol engine: initialized successfully - sym options: 0x614 - pdb path: .;C:\Program Files\Microsoft\jdk-17.0.8.7-hotspot\bin;C:\WINDOWS\SYSTEM32;C:\WINDOWS\WinSxS\amd64_microsoft.windows.common-controls_6595b64144ccf1df_6.0.22621.4391_none_2715d37f73803e96;C:\Program Files\Microsoft\jdk-17.0.8.7-hotspot\bin\server;C:\Users\HP-EliteBook\.gradle\native\c067742578af261105cb4f569cf0c3c89f3d7b1fecec35dd04571415982c5e48\windows-amd64;C:\Users\HP-EliteBook\.gradle\native\100fb08df4bc3b14c8652ba06237920a3bd2aa13389f12d3474272988ae205f9\windows-amd64

VM Arguments:
jvm_args: -XX:MaxMetaspaceSize=512m --add-opens=java.base/java.util=ALL-UNNAMED --add-opens=java.base/java.lang=ALL-UNNAMED --add-opens=java.base/java.lang.invoke=ALL-UNNAMED --add-opens=java.prefs/java.util.prefs=ALL-UNNAMED --add-opens=java.base/java.nio.charset=ALL-UNNAMED --add-opens=java.base/java.net=ALL-UNNAMED --add-opens=java.base/java.util.concurrent.atomic=ALL-UNNAMED -Xmx2048m -Dfile.encoding=utf8 -Duser.country=US -Duser.language=en -Duser.variant -javaagent:C:\Users\HP-EliteBook\.gradle\wrapper\dists\gradle-8.8-all\6gdy1pgp427xkqcjbxw3ylt6h\gradle-8.8\lib\agents\gradle-instrumentation-agent-8.8.jar 
java_command: org.gradle.launcher.daemon.bootstrap.GradleDaemon 8.8
java_class_path (initial): C:\Users\HP-EliteBook\.gradle\wrapper\dists\gradle-8.8-all\6gdy1pgp427xkqcjbxw3ylt6h\gradle-8.8\lib\gradle-launcher-8.8.jar
Launcher Type: SUN_STANDARD

[Global flags]
     intx CICompilerCount                          = 4                                         {product} {ergonomic}
   size_t CompressedClassSpaceSize                 = 436207616                                 {product} {ergonomic}
     uint ConcGCThreads                            = 2                                         {product} {ergonomic}
     uint G1ConcRefinementThreads                  = 8                                         {product} {ergonomic}
   size_t G1HeapRegionSize                         = 1048576                                   {product} {ergonomic}
    uintx GCDrainStackTargetSize                   = 64                                        {product} {ergonomic}
   size_t InitialHeapSize                          = 266338304                                 {product} {ergonomic}
   size_t MarkStackSize                            = 4194304                                   {product} {ergonomic}
   size_t MaxHeapSize                              = 2147483648                                {product} {command line}
   size_t MaxMetaspaceSize                         = 536870912                                 {product} {command line}
   size_t MaxNewSize                               = 1287651328                                {product} {ergonomic}
   size_t MinHeapDeltaBytes                        = 1048576                                   {product} {ergonomic}
   size_t MinHeapSize                              = 8388608                                   {product} {ergonomic}
    uintx NonNMethodCodeHeapSize                   = 5839372                                {pd product} {ergonomic}
    uintx NonProfiledCodeHeapSize                  = 122909434                              {pd product} {ergonomic}
    uintx ProfiledCodeHeapSize                     = 122909434                              {pd product} {ergonomic}
    uintx ReservedCodeCacheSize                    = 251658240                              {pd product} {ergonomic}
     bool SegmentedCodeCache                       = true                                      {product} {ergonomic}
   size_t SoftMaxHeapSize                          = 2147483648                             {manageable} {ergonomic}
     bool UseCompressedClassPointers               = true                           {product lp64_product} {ergonomic}
     bool UseCompressedOops                        = true                           {product lp64_product} {ergonomic}
     bool UseG1GC                                  = true                                      {product} {ergonomic}
     bool UseLargePagesIndividualAllocation        = false                                  {pd product} {ergonomic}

Logging:
Log output configuration:
 #0: stdout all=warning uptime,level,tags
 #1: stderr all=off uptime,level,tags

Environment Variables:
JAVA_HOME=C:\Program Files\Microsoft\jdk-17.0.8.7-hotspot\
PATH=C:\Program Files\Microsoft\jdk-17.0.8.7-hotspot\bin;C:\Program Files\Common Files\Oracle\Java\javapath;C:\WINDOWS\system32;C:\WINDOWS;C:\WINDOWS\System32\Wbem;C:\WINDOWS\System32\WindowsPowerShell\v1.0\;C:\WINDOWS\System32\OpenSSH\;C:\Program Files\Git\cmd;C:\Users\HP-EliteBook\AppData\Local\Pub\Cache\bin;C:\Program Files (x86)\Gpg4win\..\GnuPG\bin;C:\Program Files\dotnet\;C:\ProgramData\chocolatey\bin;C:\Program Files\nodejs\;C:\Program Files\Docker\Docker\resources\bin;C:\Windows\System32\terraform\;C:\Program Files\Amazon\AWSCLIV2\;C:\Users\HP-EliteBook\.console-ninja\.bin;C:\Users\HP-EliteBook\AppData\Local\Programs\Python\Launcher\;C:\Users\HP-EliteBook\AppData\Local\Microsoft\WindowsApps;C:\Users\HP-EliteBook\AppData\Local\Programs\Microsoft VS Code\bin;C:\src\flutter\bin;C:\Users\HP-EliteBook\AppData\Roaming\npm;C:\Users\HP-EliteBook\AppData\Local\Android\Sdk\platform-tools;
USERNAME=HP-EliteBook
OS=Windows_NT
PROCESSOR_IDENTIFIER=Intel64 Family 6 Model 142 Stepping 12, GenuineIntel
TMP=C:\Users\HP-ELI~1\AppData\Local\Temp
TEMP=C:\Users\HP-ELI~1\AppData\Local\Temp



---------------  S Y S T E M  ---------------

OS:
 Windows 11 , 64 bit Build 22621 (10.0.22621.4391)
OS uptime: 0 days 18:07 hours
Hyper-V role detected

CPU: total 8 (initial active 8) (4 cores per cpu, 2 threads per core) family 6 model 142 stepping 12 microcode 0xfa, cx8, cmov, fxsr, ht, mmx, 3dnowpref, sse, sse2, sse3, ssse3, sse4.1, sse4.2, popcnt, lzcnt, tsc, tscinvbit, avx, avx2, aes, erms, clmul, bmi1, bmi2, adx, fma, vzeroupper, clflush, clflushopt, hv
Processor Information for all 8 processors :
  Max Mhz: 2208, Current Mhz: 1706, Mhz Limit: 1700

Memory: 4k page, system-wide physical 16157M (849M free)
TotalPageFile size 21278M (AvailPageFile size 2M)
current process WorkingSet (physical memory assigned to process): 496M, peak: 497M
current process commit charge ("private bytes"): 537M, peak: 538M

vm_info: OpenJDK 64-Bit Server VM (17.0.8+7-LTS) for windows-amd64 JRE (17.0.8+7-LTS), built on Jul  7 2023 17:21:55 by "MicrosoftCorporation" with MS VC++ 16.10 / 16.11 (VS2019)

END.
